<?xml version="1.0" encoding="UTF-8"?>
<testng-results skipped="0" failed="0" ignored="0" total="1" passed="1">
  <reporter-output>
  </reporter-output>
  <suite name="Default suite" duration-ms="3517" started-at="2021-08-27T16:24:28 IST" finished-at="2021-08-27T16:24:32 IST">
    <groups>
    </groups>
    <test name="Default test" duration-ms="3517" started-at="2021-08-27T16:24:28 IST" finished-at="2021-08-27T16:24:32 IST">
      <class name="restassuredHttpMethods.HttpMethodsPractice">
        <test-method status="PASS" signature="getMethod()[pri:0, instance:restassuredHttpMethods.HttpMethodsPractice@d44fc21]" name="getMethod" duration-ms="3469" started-at="2021-08-27T16:24:28 IST" finished-at="2021-08-27T16:24:32 IST">
          <reporter-output>
          </reporter-output>
        </test-method> <!-- getMethod -->
      </class> <!-- restassuredHttpMethods.HttpMethodsPractice -->
    </test> <!-- Default test -->
  </suite> <!-- Default suite -->
</testng-results>
